33554432
tpb 256 bpg 91
y shape (4096,)
Traceback (most recent call last):
  File "swat_cuda.py", line 451, in <module>
    mod = SourceModule(swatc)
  File "/home/xh/compiler/anaconda2/lib/python2.7/site-packages/pycuda/compiler.py", line 291, in __init__
    arch, code, cache_dir, include_dirs)
  File "/home/xh/compiler/anaconda2/lib/python2.7/site-packages/pycuda/compiler.py", line 254, in compile
    return compile_plain(source, options, keep, nvcc, cache_dir, target)
  File "/home/xh/compiler/anaconda2/lib/python2.7/site-packages/pycuda/compiler.py", line 137, in compile_plain
    stderr=stderr.decode("utf-8", "replace"))
pycuda.driver.CompileError: nvcc compilation of /tmp/tmplF7iwt/kernel.cu failed
[command: nvcc --cubin -arch sm_61 -I/home/xh/compiler/anaconda2/lib/python2.7/site-packages/pycuda/cuda kernel.cu]
[stderr:
kernel.cu(12): warning: variable "BLOSUM" was declared but never referenced

kernel.cu(231): warning: statement is unreachable

kernel.cu(253): warning: loop is not reachable

kernel.cu(79): warning: variable "S1" was declared but never referenced

kernel.cu(84): warning: variable "bdm" was declared but never referenced

kernel.cu(88): warning: variable "W" was declared but never referenced

kernel.cu(422): warning: use of "=" where "==" may have been intended

kernel.cu(509): warning: dynamic initialization in unreachable code

kernel.cu(341): warning: variable "bth" was declared but never referenced

kernel.cu(593): warning: this pragma must immediately precede a statement

kernel.cu(541): warning: variable "qst" was declared but never referenced

kernel.cu(541): warning: variable "sst" was declared but never referenced

kernel.cu(541): warning: variable "mch" was declared but never referenced

kernel.cu(541): warning: variable "gop" was declared but never referenced

kernel.cu(549): warning: variable "bth" was declared but never referenced

kernel.cu(745): warning: this pragma must immediately precede a statement

kernel.cu(691): warning: variable "H1" was set but never used

kernel.cu(691): warning: variable "qst" was declared but never referenced

kernel.cu(691): warning: variable "sst" was declared but never referenced

kernel.cu(691): warning: variable "mch" was declared but never referenced

kernel.cu(691): warning: variable "gop" was declared but never referenced

kernel.cu(701): warning: variable "bth" was declared but never referenced

kernel.cu(923): warning: this pragma must immediately precede a statement

kernel.cu(934): error: identifier "i" is undefined

kernel.cu(935): error: expected a ";"

kernel.cu(936): error: identifier "i1" is undefined

kernel.cu(922): warning: variable "S1j" was declared but never referenced

kernel.cu(850): warning: variable "BLOSUM" was declared but never referenced

kernel.cu(856): warning: variable "qst" was declared but never referenced

kernel.cu(856): warning: variable "sst" was declared but never referenced

kernel.cu(856): warning: variable "mch" was declared but never referenced

kernel.cu(856): warning: variable "gop" was declared but never referenced

kernel.cu(866): warning: variable "bth" was declared but never referenced

kernel.cu(866): warning: variable "lane" was declared but never referenced

kernel.cu(867): warning: variable "OUT" was set but never used

kernel.cu(1114): warning: loop is not reachable

kernel.cu(1002): warning: variable "bth" was declared but never referenced

kernel.cu(1002): warning: variable "lane" was declared but never referenced

kernel.cu(1244): warning: variable "bth" was declared but never referenced

3 errors detected in the compilation of "/tmp/tmpxft_0000028a_00000000-7_kernel.cpp1.ii".
]
